<?xml version="1.0" encoding="UTF-8"?>
<!-- Generated by org.testng.reporters.JUnitXMLReporter -->
<testsuite ignored="0" hostname="QT-INBG-LT0328" failures="0" tests="7" name="Test" time="61.039" errors="0" timestamp="2022-07-18T12:59:20 IST">
  <testcase classname="auto.Loginpage" name="log" time="2.592"/>
  <testcase classname="auto.Loginpage" name="log" time="2.508"/>
  <testcase classname="auto.Loginpage" name="log" time="2.948"/>
  <testcase classname="auto.Order" name="order" time="6.829"/>
  <testcase classname="auto.Contactus" name="contact" time="6.876"/>
  <testcase classname="auto.SignIn" name="Signup" time="9.075"/>
  <testcase classname="auto.AllMobiles" name="Allmobile" time="6.565"/>
</testsuite> <!-- Test -->
