<?xml version="1.0" encoding="UTF-8"?>
<testng-results ignored="0" total="1" passed="1" failed="0" skipped="0">
  <reporter-output>
  </reporter-output>
  <suite started-at="2022-07-18T13:00:34 IST" name="Default suite" finished-at="2022-07-18T13:00:47 IST" duration-ms="12693">
    <groups>
    </groups>
    <test started-at="2022-07-18T13:00:34 IST" name="Default test" finished-at="2022-07-18T13:00:47 IST" duration-ms="12693">
      <class name="auto.Order">
        <test-method is-config="true" signature="open()[pri:0, instance:auto.Order@2892dae4]" started-at="2022-07-18T13:00:34 IST" name="open" finished-at="2022-07-18T13:00:40 IST" duration-ms="5924" status="PASS">
          <reporter-output>
          </reporter-output>
        </test-method> <!-- open -->
        <test-method signature="order()[pri:0, instance:auto.Order@2892dae4]" started-at="2022-07-18T13:00:40 IST" name="order" finished-at="2022-07-18T13:00:47 IST" duration-ms="6732" status="PASS">
          <reporter-output>
          </reporter-output>
        </test-method> <!-- order -->
      </class> <!-- auto.Order -->
    </test> <!-- Default test -->
  </suite> <!-- Default suite -->
</testng-results>
